<?xml version="1.0" encoding="UTF-8"?>
<!-- Generated by org.testng.reporters.JUnitReportReporter -->
<testsuite hostname="LAPTOP-UHFNO702" failures="0" tests="1" name="test.SearchTest" time="26.022" errors="0" timestamp="2023-04-06T12:50:58 EDT" skipped="0">
  <testcase classname="test.SearchTest" name="searchProductTestCase" time="26.022"/>
  <system-out/>
</testsuite> <!-- test.SearchTest -->
